INFO:tweepy.binder:PARAMS: {'status': "Can't find my son Craigs rifle. We last had it in the McDonalds PlayPen off of Route 34. If found PLEASE email gun_lord_3983@hotmail.com!"}
DEBUG:requests_oauthlib.oauth1_auth:Signing request <PreparedRequest [POST]> using client <Client nonce=None, signature_method=HMAC-SHA1, realm=None, encoding=utf-8, timestamp=None, resource_owner_secret=****, decoding=None, verifier=None, signature_type=AUTH_HEADER, rsa_key=None, resource_owner_key=774751460731002880-cdXJxDPLvciQaOTflQSR92txk04R1Mz, client_secret=****, callback_uri=None, client_key=tImBZZD9aZ3CfcV2wZAbY9xCA>
INFO:tweepy.binder:PARAMS: {'status': "When did Chik Fil A start hiring blacks and womens? Can't believe this shit... Where will I eat now??????? #chikfilDONTHIREWOMENORBLACKS|"}
INFO:tweepy.binder:PARAMS: {'status': "We can't have a woman in the White House. What if she starts PMSing and drops bombs everywhere?."}
DEBUG:requests_oauthlib.oauth1_auth:Including body in call to sign: False
DEBUG:requests_oauthlib.oauth1_auth:Signing request <PreparedRequest [POST]> using client <Client nonce=None, signature_method=HMAC-SHA1, realm=None, encoding=utf-8, timestamp=None, resource_owner_secret=****, decoding=None, verifier=None, signature_type=AUTH_HEADER, rsa_key=None, resource_owner_key=774752358203088896-aLpvPc4oR5N4nTohzSCJCLGZyZuYO56, client_secret=****, callback_uri=None, client_key=NRanoFoSqw4YHNNadLit90GcZ>
DEBUG:requests_oauthlib.oauth1_auth:Signing request <PreparedRequest [POST]> using client <Client nonce=None, signature_method=HMAC-SHA1, realm=None, encoding=utf-8, timestamp=None, resource_owner_secret=****, decoding=None, verifier=None, signature_type=AUTH_HEADER, rsa_key=None, resource_owner_key=774750890498658305-SVxiAavfpr8KeKjGesd0ZsrZuJJC2ej, client_secret=****, callback_uri=None, client_key=Y1RncCBCbDDX0B6WQgACkWCdR>
DEBUG:oauthlib.oauth1.rfc5849:Collected params: [(u'status', u"Can't find my son Craigs rifle. We last had it in the McDonalds PlayPen off of Route 34. If found PLEASE email gun_lord_3983@hotmail.com!"), (u'oauth_nonce', u'165170154927785544111473689932'), (u'oauth_timestamp', u'1473689932'), (u'oauth_consumer_key', u'tImBZZD9aZ3CfcV2wZAbY9xCA'), (u'oauth_signature_method', u'HMAC-SHA1'), (u'oauth_version', u'1.0'), (u'oauth_token', u'774751460731002880-cdXJxDPLvciQaOTflQSR92txk04R1Mz')]
DEBUG:requests_oauthlib.oauth1_auth:Including body in call to sign: False
DEBUG:requests_oauthlib.oauth1_auth:Including body in call to sign: False
DEBUG:oauthlib.oauth1.rfc5849:Normalized params: oauth_consumer_key=tImBZZD9aZ3CfcV2wZAbY9xCA&oauth_nonce=165170154927785544111473689932&oauth_signature_method=HMAC-SHA1&oauth_timestamp=1473689932&oauth_token=774751460731002880-cdXJxDPLvciQaOTflQSR92txk04R1Mz&oauth_version=1.0&status=Can%27t%20find%20my%20son%20Craigs%20rifle.%20We%20last%20had%20it%20in%20the%20McDonalds%20PlayPen%20off%20of%20Route%2034.%20If%20found%20PLEASE%20email%20gun_lord_3983%40hotmail.com%21
DEBUG:oauthlib.oauth1.rfc5849:Collected params: [(u'status', u"When did Chik Fil A start hiring blacks and womens? Can't believe this shit... Where will I eat now??????? #chikfilDONTHIREWOMENORBLACKS|"), (u'oauth_nonce', u'58131711389749176901473689932'), (u'oauth_timestamp', u'1473689932'), (u'oauth_consumer_key', u'NRanoFoSqw4YHNNadLit90GcZ'), (u'oauth_signature_method', u'HMAC-SHA1'), (u'oauth_version', u'1.0'), (u'oauth_token', u'774752358203088896-aLpvPc4oR5N4nTohzSCJCLGZyZuYO56')]
INFO:requests.packages.urllib3.connectionpool:Starting new HTTPS connection (1): api.twitter.com
DEBUG:oauthlib.oauth1.rfc5849:Collected params: [(u'status', u"We can't have a woman in the White House. What if she starts PMSing and drops bombs everywhere?."), (u'oauth_nonce', u'96292592179074082641473689932'), (u'oauth_timestamp', u'1473689932'), (u'oauth_consumer_key', u'Y1RncCBCbDDX0B6WQgACkWCdR'), (u'oauth_signature_method', u'HMAC-SHA1'), (u'oauth_version', u'1.0'), (u'oauth_token', u'774750890498658305-SVxiAavfpr8KeKjGesd0ZsrZuJJC2ej')]
DEBUG:oauthlib.oauth1.rfc5849:Normalized URI: https://api.twitter.com/1.1/statuses/update.json
DEBUG:oauthlib.oauth1.rfc5849:Normalized params: oauth_consumer_key=NRanoFoSqw4YHNNadLit90GcZ&oauth_nonce=58131711389749176901473689932&oauth_signature_method=HMAC-SHA1&oauth_timestamp=1473689932&oauth_token=774752358203088896-aLpvPc4oR5N4nTohzSCJCLGZyZuYO56&oauth_version=1.0&status=When%20did%20Chik%20Fil%20A%20start%20hiring%20blacks%20and%20womens%3F%20Can%27t%20believe%20this%20shit...%20Where%20will%20I%20eat%20now%3F%3F%3F%3F%3F%3F%3F%20%23chikfilDONTHIREWOMENORBLACKS%7C
DEBUG:oauthlib.oauth1.rfc5849:Normalized params: oauth_consumer_key=Y1RncCBCbDDX0B6WQgACkWCdR&oauth_nonce=96292592179074082641473689932&oauth_signature_method=HMAC-SHA1&oauth_timestamp=1473689932&oauth_token=774750890498658305-SVxiAavfpr8KeKjGesd0ZsrZuJJC2ej&oauth_version=1.0&status=We%20can%27t%20have%20a%20woman%20in%20the%20White%20House.%20What%20if%20she%20starts%20PMSing%20and%20drops%20bombs%20everywhere%3F.
DEBUG:oauthlib.oauth1.rfc5849:Base signing string: POST&https%3A%2F%2Fapi.twitter.com%2F1.1%2Fstatuses%2Fupdate.json&oauth_consumer_key%3DtImBZZD9aZ3CfcV2wZAbY9xCA%26oauth_nonce%3D165170154927785544111473689932%26oauth_signature_method%3DHMAC-SHA1%26oauth_timestamp%3D1473689932%26oauth_token%3D774751460731002880-cdXJxDPLvciQaOTflQSR92txk04R1Mz%26oauth_version%3D1.0%26status%3DCan%2527t%2520find%2520my%2520son%2520Craigs%2520rifle.%2520We%2520last%2520had%2520it%2520in%2520the%2520McDonalds%2520PlayPen%2520off%2520of%2520Route%252034.%2520If%2520found%2520PLEASE%2520email%2520gun_lord_3983%2540hotmail.com%2521
DEBUG:oauthlib.oauth1.rfc5849:Normalized URI: https://api.twitter.com/1.1/statuses/update.json
DEBUG:oauthlib.oauth1.rfc5849:Normalized URI: https://api.twitter.com/1.1/statuses/update.json
DEBUG:oauthlib.oauth1.rfc5849:Signature: pRHJHflpKkTODRes2W0GKYDeBfM=
DEBUG:oauthlib.oauth1.rfc5849:Base signing string: POST&https%3A%2F%2Fapi.twitter.com%2F1.1%2Fstatuses%2Fupdate.json&oauth_consumer_key%3DNRanoFoSqw4YHNNadLit90GcZ%26oauth_nonce%3D58131711389749176901473689932%26oauth_signature_method%3DHMAC-SHA1%26oauth_timestamp%3D1473689932%26oauth_token%3D774752358203088896-aLpvPc4oR5N4nTohzSCJCLGZyZuYO56%26oauth_version%3D1.0%26status%3DWhen%2520did%2520Chik%2520Fil%2520A%2520start%2520hiring%2520blacks%2520and%2520womens%253F%2520Can%2527t%2520believe%2520this%2520shit...%2520Where%2520will%2520I%2520eat%2520now%253F%253F%253F%253F%253F%253F%253F%2520%2523chikfilDONTHIREWOMENORBLACKS%257C
DEBUG:oauthlib.oauth1.rfc5849:Base signing string: POST&https%3A%2F%2Fapi.twitter.com%2F1.1%2Fstatuses%2Fupdate.json&oauth_consumer_key%3DY1RncCBCbDDX0B6WQgACkWCdR%26oauth_nonce%3D96292592179074082641473689932%26oauth_signature_method%3DHMAC-SHA1%26oauth_timestamp%3D1473689932%26oauth_token%3D774750890498658305-SVxiAavfpr8KeKjGesd0ZsrZuJJC2ej%26oauth_version%3D1.0%26status%3DWe%2520can%2527t%2520have%2520a%2520woman%2520in%2520the%2520White%2520House.%2520What%2520if%2520she%2520starts%2520PMSing%2520and%2520drops%2520bombs%2520everywhere%253F.
DEBUG:requests_oauthlib.oauth1_auth:Updated url: https://api.twitter.com/1.1/statuses/update.json?status=Can%27t+find+my+son+Craigs+rifle.+We+last+had+it+in+the+McDonalds+PlayPen+off+of+Route+34.+If+found+PLEASE+email+gun_lord_3983%40hotmail.com%21
DEBUG:oauthlib.oauth1.rfc5849:Signature: oF7GMRDmVJkkTgLimpBuhQ+0Myw=
DEBUG:oauthlib.oauth1.rfc5849:Signature: YMACbnq8bv1ehB/N1Gcj1YQxqlk=
DEBUG:requests_oauthlib.oauth1_auth:Updated headers: {u'Host': u'api.twitter.com', u'Content-Length': u'0', u'Authorization': u'OAuth oauth_nonce="165170154927785544111473689932", oauth_timestamp="1473689932", oauth_version="1.0", oauth_signature_method="HMAC-SHA1", oauth_consumer_key="tImBZZD9aZ3CfcV2wZAbY9xCA", oauth_token="774751460731002880-cdXJxDPLvciQaOTflQSR92txk04R1Mz", oauth_signature="pRHJHflpKkTODRes2W0GKYDeBfM%3D"'}
DEBUG:requests_oauthlib.oauth1_auth:Updated url: https://api.twitter.com/1.1/statuses/update.json?status=When+did+Chik+Fil+A+start+hiring+blacks+and+womens%3F+Can%27t+believe+this+shit...+Where+will+I+eat+now%3F%3F%3F%3F%3F%3F%3F+%23chikfilDONTHIREWOMENORBLACKS%7C
DEBUG:requests_oauthlib.oauth1_auth:Updated url: https://api.twitter.com/1.1/statuses/update.json?status=We+can%27t+have+a+woman+in+the+White+House.+What+if+she+starts+PMSing+and+drops+bombs+everywhere%3F.
DEBUG:requests_oauthlib.oauth1_auth:Updated body: None
DEBUG:requests_oauthlib.oauth1_auth:Updated headers: {u'Host': u'api.twitter.com', u'Content-Length': u'0', u'Authorization': u'OAuth oauth_nonce="58131711389749176901473689932", oauth_timestamp="1473689932", oauth_version="1.0", oauth_signature_method="HMAC-SHA1", oauth_consumer_key="NRanoFoSqw4YHNNadLit90GcZ", oauth_token="774752358203088896-aLpvPc4oR5N4nTohzSCJCLGZyZuYO56", oauth_signature="oF7GMRDmVJkkTgLimpBuhQ%2B0Myw%3D"'}
DEBUG:requests_oauthlib.oauth1_auth:Updated headers: {u'Host': u'api.twitter.com', u'Content-Length': u'0', u'Authorization': u'OAuth oauth_nonce="96292592179074082641473689932", oauth_timestamp="1473689932", oauth_version="1.0", oauth_signature_method="HMAC-SHA1", oauth_consumer_key="Y1RncCBCbDDX0B6WQgACkWCdR", oauth_token="774750890498658305-SVxiAavfpr8KeKjGesd0ZsrZuJJC2ej", oauth_signature="YMACbnq8bv1ehB%2FN1Gcj1YQxqlk%3D"'}
DEBUG:requests_oauthlib.oauth1_auth:Updated body: None
DEBUG:requests_oauthlib.oauth1_auth:Updated body: None
DEBUG:requests_oauthlib.oauth1_auth:Signing request <PreparedRequest [POST]> using client <Client nonce=None, signature_method=HMAC-SHA1, realm=None, encoding=utf-8, timestamp=None, resource_owner_secret=****, decoding=None, verifier=None, signature_type=AUTH_HEADER, rsa_key=None, resource_owner_key=774751460731002880-cdXJxDPLvciQaOTflQSR92txk04R1Mz, client_secret=****, callback_uri=None, client_key=tImBZZD9aZ3CfcV2wZAbY9xCA>
DEBUG:requests_oauthlib.oauth1_auth:Including body in call to sign: False
DEBUG:requests_oauthlib.oauth1_auth:Signing request <PreparedRequest [POST]> using client <Client nonce=None, signature_method=HMAC-SHA1, realm=None, encoding=utf-8, timestamp=None, resource_owner_secret=****, decoding=None, verifier=None, signature_type=AUTH_HEADER, rsa_key=None, resource_owner_key=774750890498658305-SVxiAavfpr8KeKjGesd0ZsrZuJJC2ej, client_secret=****, callback_uri=None, client_key=Y1RncCBCbDDX0B6WQgACkWCdR>
DEBUG:requests_oauthlib.oauth1_auth:Signing request <PreparedRequest [POST]> using client <Client nonce=None, signature_method=HMAC-SHA1, realm=None, encoding=utf-8, timestamp=None, resource_owner_secret=****, decoding=None, verifier=None, signature_type=AUTH_HEADER, rsa_key=None, resource_owner_key=774752358203088896-aLpvPc4oR5N4nTohzSCJCLGZyZuYO56, client_secret=****, callback_uri=None, client_key=NRanoFoSqw4YHNNadLit90GcZ>
DEBUG:oauthlib.oauth1.rfc5849:Collected params: [(u'with', u'user'), (u'delimited', u'length'), (u'oauth_nonce', u'142895730298809094781473689932'), (u'oauth_timestamp', u'1473689932'), (u'oauth_consumer_key', u'tImBZZD9aZ3CfcV2wZAbY9xCA'), (u'oauth_signature_method', u'HMAC-SHA1'), (u'oauth_version', u'1.0'), (u'oauth_token', u'774751460731002880-cdXJxDPLvciQaOTflQSR92txk04R1Mz')]
DEBUG:requests_oauthlib.oauth1_auth:Including body in call to sign: False
DEBUG:requests_oauthlib.oauth1_auth:Including body in call to sign: False
DEBUG:requests_oauthlib.oauth1_auth:Signing request <PreparedRequest [POST]> using client <Client nonce=None, signature_method=HMAC-SHA1, realm=None, encoding=utf-8, timestamp=None, resource_owner_secret=****, decoding=None, verifier=None, signature_type=AUTH_HEADER, rsa_key=None, resource_owner_key=774720778998874112-tMVt5enxX668P8Jv7XazmQeNkjQinHB, client_secret=****, callback_uri=None, client_key=xdXEjqEr2zt945i6Z7loRtRbM>
DEBUG:oauthlib.oauth1.rfc5849:Normalized params: delimited=length&oauth_consumer_key=tImBZZD9aZ3CfcV2wZAbY9xCA&oauth_nonce=142895730298809094781473689932&oauth_signature_method=HMAC-SHA1&oauth_timestamp=1473689932&oauth_token=774751460731002880-cdXJxDPLvciQaOTflQSR92txk04R1Mz&oauth_version=1.0&with=user
DEBUG:oauthlib.oauth1.rfc5849:Collected params: [(u'with', u'user'), (u'delimited', u'length'), (u'oauth_nonce', u'75831558271253148691473689932'), (u'oauth_timestamp', u'1473689932'), (u'oauth_consumer_key', u'Y1RncCBCbDDX0B6WQgACkWCdR'), (u'oauth_signature_method', u'HMAC-SHA1'), (u'oauth_version', u'1.0'), (u'oauth_token', u'774750890498658305-SVxiAavfpr8KeKjGesd0ZsrZuJJC2ej')]
DEBUG:oauthlib.oauth1.rfc5849:Collected params: [(u'with', u'user'), (u'delimited', u'length'), (u'oauth_nonce', u'175168323572138267131473689932'), (u'oauth_timestamp', u'1473689932'), (u'oauth_consumer_key', u'NRanoFoSqw4YHNNadLit90GcZ'), (u'oauth_signature_method', u'HMAC-SHA1'), (u'oauth_version', u'1.0'), (u'oauth_token', u'774752358203088896-aLpvPc4oR5N4nTohzSCJCLGZyZuYO56')]
DEBUG:requests_oauthlib.oauth1_auth:Including body in call to sign: False
DEBUG:oauthlib.oauth1.rfc5849:Normalized URI: https://userstream.twitter.com/1.1/user.json
DEBUG:oauthlib.oauth1.rfc5849:Normalized params: delimited=length&oauth_consumer_key=Y1RncCBCbDDX0B6WQgACkWCdR&oauth_nonce=75831558271253148691473689932&oauth_signature_method=HMAC-SHA1&oauth_timestamp=1473689932&oauth_token=774750890498658305-SVxiAavfpr8KeKjGesd0ZsrZuJJC2ej&oauth_version=1.0&with=user
DEBUG:oauthlib.oauth1.rfc5849:Normalized params: delimited=length&oauth_consumer_key=NRanoFoSqw4YHNNadLit90GcZ&oauth_nonce=175168323572138267131473689932&oauth_signature_method=HMAC-SHA1&oauth_timestamp=1473689932&oauth_token=774752358203088896-aLpvPc4oR5N4nTohzSCJCLGZyZuYO56&oauth_version=1.0&with=user
DEBUG:oauthlib.oauth1.rfc5849:Collected params: [(u'with', u'user'), (u'delimited', u'length'), (u'oauth_nonce', u'178040212430471371871473689932'), (u'oauth_timestamp', u'1473689932'), (u'oauth_consumer_key', u'xdXEjqEr2zt945i6Z7loRtRbM'), (u'oauth_signature_method', u'HMAC-SHA1'), (u'oauth_version', u'1.0'), (u'oauth_token', u'774720778998874112-tMVt5enxX668P8Jv7XazmQeNkjQinHB')]
DEBUG:oauthlib.oauth1.rfc5849:Base signing string: POST&https%3A%2F%2Fuserstream.twitter.com%2F1.1%2Fuser.json&delimited%3Dlength%26oauth_consumer_key%3DtImBZZD9aZ3CfcV2wZAbY9xCA%26oauth_nonce%3D142895730298809094781473689932%26oauth_signature_method%3DHMAC-SHA1%26oauth_timestamp%3D1473689932%26oauth_token%3D774751460731002880-cdXJxDPLvciQaOTflQSR92txk04R1Mz%26oauth_version%3D1.0%26with%3Duser
DEBUG:oauthlib.oauth1.rfc5849:Normalized URI: https://userstream.twitter.com/1.1/user.json
DEBUG:oauthlib.oauth1.rfc5849:Normalized URI: https://userstream.twitter.com/1.1/user.json
DEBUG:oauthlib.oauth1.rfc5849:Normalized params: delimited=length&oauth_consumer_key=xdXEjqEr2zt945i6Z7loRtRbM&oauth_nonce=178040212430471371871473689932&oauth_signature_method=HMAC-SHA1&oauth_timestamp=1473689932&oauth_token=774720778998874112-tMVt5enxX668P8Jv7XazmQeNkjQinHB&oauth_version=1.0&with=user
DEBUG:oauthlib.oauth1.rfc5849:Signature: SSKoN3SOvh5nQy/F4cPA3eA+geM=
DEBUG:oauthlib.oauth1.rfc5849:Base signing string: POST&https%3A%2F%2Fuserstream.twitter.com%2F1.1%2Fuser.json&delimited%3Dlength%26oauth_consumer_key%3DY1RncCBCbDDX0B6WQgACkWCdR%26oauth_nonce%3D75831558271253148691473689932%26oauth_signature_method%3DHMAC-SHA1%26oauth_timestamp%3D1473689932%26oauth_token%3D774750890498658305-SVxiAavfpr8KeKjGesd0ZsrZuJJC2ej%26oauth_version%3D1.0%26with%3Duser
DEBUG:oauthlib.oauth1.rfc5849:Base signing string: POST&https%3A%2F%2Fuserstream.twitter.com%2F1.1%2Fuser.json&delimited%3Dlength%26oauth_consumer_key%3DNRanoFoSqw4YHNNadLit90GcZ%26oauth_nonce%3D175168323572138267131473689932%26oauth_signature_method%3DHMAC-SHA1%26oauth_timestamp%3D1473689932%26oauth_token%3D774752358203088896-aLpvPc4oR5N4nTohzSCJCLGZyZuYO56%26oauth_version%3D1.0%26with%3Duser
DEBUG:oauthlib.oauth1.rfc5849:Normalized URI: https://userstream.twitter.com/1.1/user.json
DEBUG:requests_oauthlib.oauth1_auth:Updated url: https://userstream.twitter.com/1.1/user.json?with=user&delimited=length
DEBUG:oauthlib.oauth1.rfc5849:Signature: igLZ1vZolnqvnmAGXAaeU1JFl7Y=
DEBUG:oauthlib.oauth1.rfc5849:Signature: WWCmuhhtCbbQDvK4ani8KdhTRWM=
DEBUG:oauthlib.oauth1.rfc5849:Base signing string: POST&https%3A%2F%2Fuserstream.twitter.com%2F1.1%2Fuser.json&delimited%3Dlength%26oauth_consumer_key%3DxdXEjqEr2zt945i6Z7loRtRbM%26oauth_nonce%3D178040212430471371871473689932%26oauth_signature_method%3DHMAC-SHA1%26oauth_timestamp%3D1473689932%26oauth_token%3D774720778998874112-tMVt5enxX668P8Jv7XazmQeNkjQinHB%26oauth_version%3D1.0%26with%3Duser
DEBUG:requests_oauthlib.oauth1_auth:Updated headers: {u'Content-Length': u'0', u'Authorization': u'OAuth oauth_nonce="142895730298809094781473689932", oauth_timestamp="1473689932", oauth_version="1.0", oauth_signature_method="HMAC-SHA1", oauth_consumer_key="tImBZZD9aZ3CfcV2wZAbY9xCA", oauth_token="774751460731002880-cdXJxDPLvciQaOTflQSR92txk04R1Mz", oauth_signature="SSKoN3SOvh5nQy%2FF4cPA3eA%2BgeM%3D"'}
DEBUG:requests_oauthlib.oauth1_auth:Updated url: https://userstream.twitter.com/1.1/user.json?with=user&delimited=length
DEBUG:requests_oauthlib.oauth1_auth:Updated url: https://userstream.twitter.com/1.1/user.json?with=user&delimited=length
DEBUG:oauthlib.oauth1.rfc5849:Signature: 09hVH3ygmQ4zYkrI2LxkH8pFPD0=
DEBUG:requests_oauthlib.oauth1_auth:Updated body: None
DEBUG:requests_oauthlib.oauth1_auth:Updated headers: {u'Content-Length': u'0', u'Authorization': u'OAuth oauth_nonce="75831558271253148691473689932", oauth_timestamp="1473689932", oauth_version="1.0", oauth_signature_method="HMAC-SHA1", oauth_consumer_key="Y1RncCBCbDDX0B6WQgACkWCdR", oauth_token="774750890498658305-SVxiAavfpr8KeKjGesd0ZsrZuJJC2ej", oauth_signature="igLZ1vZolnqvnmAGXAaeU1JFl7Y%3D"'}
DEBUG:requests_oauthlib.oauth1_auth:Updated headers: {u'Content-Length': u'0', u'Authorization': u'OAuth oauth_nonce="175168323572138267131473689932", oauth_timestamp="1473689932", oauth_version="1.0", oauth_signature_method="HMAC-SHA1", oauth_consumer_key="NRanoFoSqw4YHNNadLit90GcZ", oauth_token="774752358203088896-aLpvPc4oR5N4nTohzSCJCLGZyZuYO56", oauth_signature="WWCmuhhtCbbQDvK4ani8KdhTRWM%3D"'}
DEBUG:requests_oauthlib.oauth1_auth:Updated url: https://userstream.twitter.com/1.1/user.json?with=user&delimited=length
DEBUG:requests_oauthlib.oauth1_auth:Updated body: None
DEBUG:requests_oauthlib.oauth1_auth:Updated body: None
DEBUG:requests_oauthlib.oauth1_auth:Updated headers: {u'Content-Length': u'0', u'Authorization': u'OAuth oauth_nonce="178040212430471371871473689932", oauth_timestamp="1473689932", oauth_version="1.0", oauth_signature_method="HMAC-SHA1", oauth_consumer_key="xdXEjqEr2zt945i6Z7loRtRbM", oauth_token="774720778998874112-tMVt5enxX668P8Jv7XazmQeNkjQinHB", oauth_signature="09hVH3ygmQ4zYkrI2LxkH8pFPD0%3D"'}
DEBUG:requests_oauthlib.oauth1_auth:Updated body: None
INFO:requests.packages.urllib3.connectionpool:Starting new HTTPS connection (1): api.twitter.com
INFO:requests.packages.urllib3.connectionpool:Starting new HTTPS connection (1): api.twitter.com
INFO:requests.packages.urllib3.connectionpool:Starting new HTTPS connection (1): api.twitter.com
INFO:requests.packages.urllib3.connectionpool:Starting new HTTPS connection (1): userstream.twitter.com
INFO:requests.packages.urllib3.connectionpool:Starting new HTTPS connection (1): userstream.twitter.com
INFO:requests.packages.urllib3.connectionpool:Starting new HTTPS connection (1): userstream.twitter.com
INFO:requests.packages.urllib3.connectionpool:Starting new HTTPS connection (1): userstream.twitter.com
DEBUG:requests.packages.urllib3.connectionpool:"POST /oauth2/token HTTP/1.1" 200 152
DEBUG:requests.packages.urllib3.connectionpool:"POST /1.1/statuses/update.json?status=Can%27t+find+my+son+Craigs+rifle.+We+last+had+it+in+the+McDonalds+PlayPen+off+of+Route+34.+If+found+PLEASE+email+gun_lord_3983%40hotmail.com%21 HTTP/1.1" 200 2235
DEBUG:requests.packages.urllib3.connectionpool:"POST /1.1/statuses/update.json?status=When+did+Chik+Fil+A+start+hiring+blacks+and+womens%3F+Can%27t+believe+this+shit...+Where+will+I+eat+now%3F%3F%3F%3F%3F%3F%3F+%23chikfilDONTHIREWOMENORBLACKS%7C HTTP/1.1" 200 2201
DEBUG:requests.packages.urllib3.connectionpool:"POST /1.1/statuses/update.json?status=We+can%27t+have+a+woman+in+the+White+House.+What+if+she+starts+PMSing+and+drops+bombs+everywhere%3F. HTTP/1.1" 200 2181
INFO:requests.packages.urllib3.connectionpool:Starting new HTTPS connection (1): api.twitter.com
DEBUG:requests.packages.urllib3.connectionpool:"POST /1.1/user.json?with=user&delimited=length HTTP/1.1" 200 None
DEBUG:requests.packages.urllib3.connectionpool:"POST /1.1/user.json?with=user&delimited=length HTTP/1.1" 200 None
DEBUG:requests.packages.urllib3.connectionpool:"POST /1.1/user.json?with=user&delimited=length HTTP/1.1" 200 None
DEBUG:requests.packages.urllib3.connectionpool:"POST /1.1/user.json?with=user&delimited=length HTTP/1.1" 200 None
DEBUG:requests.packages.urllib3.connectionpool:"GET /1.1/search/tweets.json?q=obummer&count=100&max_id=99999999999999999999999&exclude=retweets HTTP/1.1" 200 48731
INFO:requests.packages.urllib3.connectionpool:Starting new HTTPS connection (1): api.twitter.com
DEBUG:requests.packages.urllib3.connectionpool:"GET /1.1/search/tweets.json?q=obummer&count=100&max_id=775109258320998400&exclude=retweets HTTP/1.1" 200 25250
INFO:requests.packages.urllib3.connectionpool:Starting new HTTPS connection (1): api.twitter.com
DEBUG:requests.packages.urllib3.connectionpool:"GET /1.1/search/tweets.json?q=obummer&count=100&max_id=775026834748637184&exclude=retweets HTTP/1.1" 200 45734
INFO:requests.packages.urllib3.connectionpool:Starting new HTTPS connection (1): api.twitter.com
DEBUG:requests.packages.urllib3.connectionpool:"POST /oauth2/token HTTP/1.1" 200 152
INFO:requests.packages.urllib3.connectionpool:Starting new HTTPS connection (1): api.twitter.com
DEBUG:requests.packages.urllib3.connectionpool:"GET /1.1/search/tweets.json?q=sjw&count=100&max_id=99999999999999999999999&exclude=retweets HTTP/1.1" 200 40457
INFO:requests.packages.urllib3.connectionpool:Starting new HTTPS connection (1): api.twitter.com
DEBUG:requests.packages.urllib3.connectionpool:"GET /1.1/search/tweets.json?q=sjw&count=100&max_id=775327728258191360&exclude=retweets HTTP/1.1" 200 39927
INFO:requests.packages.urllib3.connectionpool:Starting new HTTPS connection (1): api.twitter.com
DEBUG:requests.packages.urllib3.connectionpool:"GET /1.1/search/tweets.json?q=sjw&count=100&max_id=775319325624369152&exclude=retweets HTTP/1.1" 200 35680
INFO:requests.packages.urllib3.connectionpool:Starting new HTTPS connection (1): api.twitter.com
DEBUG:requests.packages.urllib3.connectionpool:"POST /oauth2/token HTTP/1.1" 200 152
INFO:requests.packages.urllib3.connectionpool:Starting new HTTPS connection (1): api.twitter.com
DEBUG:requests.packages.urllib3.connectionpool:"GET /1.1/search/tweets.json?q=cuck&count=100&max_id=99999999999999999999999&exclude=retweets HTTP/1.1" 200 36548
INFO:requests.packages.urllib3.connectionpool:Starting new HTTPS connection (1): api.twitter.com
DEBUG:requests.packages.urllib3.connectionpool:"GET /1.1/search/tweets.json?q=cuck&count=100&max_id=775323367108911108&exclude=retweets HTTP/1.1" 200 38827
INFO:requests.packages.urllib3.connectionpool:Starting new HTTPS connection (1): api.twitter.com
DEBUG:requests.packages.urllib3.connectionpool:"GET /1.1/search/tweets.json?q=cuck&count=100&max_id=775307494889549825&exclude=retweets HTTP/1.1" 200 39156
INFO:requests.packages.urllib3.connectionpool:Starting new HTTPS connection (1): api.twitter.com
DEBUG:requests.packages.urllib3.connectionpool:"POST /oauth2/token HTTP/1.1" 200 152
INFO:requests.packages.urllib3.connectionpool:Starting new HTTPS connection (1): api.twitter.com
DEBUG:requests.packages.urllib3.connectionpool:"GET /1.1/search/tweets.json?q=feminazi&count=100&max_id=99999999999999999999999&exclude=retweets HTTP/1.1" 200 25861
INFO:requests.packages.urllib3.connectionpool:Starting new HTTPS connection (1): api.twitter.com
DEBUG:requests.packages.urllib3.connectionpool:"GET /1.1/search/tweets.json?q=feminazi&count=100&max_id=775331053779218432&exclude=retweets HTTP/1.1" 200 26798
INFO:requests.packages.urllib3.connectionpool:Starting new HTTPS connection (1): api.twitter.com
DEBUG:requests.packages.urllib3.connectionpool:"GET /1.1/search/tweets.json?q=feminazi&count=100&max_id=775316810438696960&exclude=retweets HTTP/1.1" 200 27834
